# JRE version: OpenJDK Runtime Environment (11.0.3+7) (build 11.0.3+7-Ubuntu-1ubuntu218.04.1)
# Java VM: OpenJDK 64-Bit Server VM (11.0.3+7-Ubuntu-1ubuntu218.04.1, mixed mode, sharing, tiered, compressed oops, serial gc, linux-amd64)
Heap:
 def new generation   total 314560K, used 69773K [0x00000000c0000000, 0x00000000d5550000, 0x00000000d5550000)
  eden space 279616K,  24% used [0x00000000c0000000, 0x00000000c4209c90, 0x00000000d1110000)
  from space 34944K,   6% used [0x00000000d1110000, 0x00000000d1329958, 0x00000000d3330000)
  to   space 34944K,   0% used [0x00000000d3330000, 0x00000000d3330000, 0x00000000d5550000)
 tenured generation   total 699072K, used 262895K [0x00000000d5550000, 0x0000000100000000, 0x0000000100000000)
   the space 699072K,  37% used [0x00000000d5550000, 0x00000000e560bf78, 0x00000000e560c000, 0x0000000100000000)
 Metaspace       used 57002K, capacity 60155K, committed 60184K, reserved 1099776K
  class space    used 7645K, capacity 9064K, committed 9064K, reserved 1048576K
GC Heap History (10 events):
Event: 2454.394 GC heap before
{Heap before GC invocations=416 (full 3):
 def new generation   total 314560K, used 281599K [0x00000000c0000000, 0x00000000d5550000, 0x00000000d5550000)
  eden space 279616K, 100% used [0x00000000c0000000, 0x00000000d1110000, 0x00000000d1110000)
  from space 34944K,   5% used [0x00000000d3330000, 0x00000000d351fe88, 0x00000000d5550000)
  to   space 34944K,   0% used [0x00000000d1110000, 0x00000000d1110000, 0x00000000d3330000)
 tenured generation   total 699072K, used 262751K [0x00000000d5550000, 0x0000000100000000, 0x0000000100000000)
   the space 699072K,  37% used [0x00000000d5550000, 0x00000000e55e7c38, 0x00000000e55e7e00, 0x0000000100000000)
 Metaspace       used 56914K, capacity 60049K, committed 60184K, reserved 1099776K
  class space    used 7631K, capacity 9051K, committed 9064K, reserved 1048576K
}
Event: 2454.420 GC heap after
{Heap after GC invocations=417 (full 3):
 def new generation   total 314560K, used 1952K [0x00000000c0000000, 0x00000000d5550000, 0x00000000d5550000)
  eden space 279616K,   0% used [0x00000000c0000000, 0x00000000c0000000, 0x00000000d1110000)
  from space 34944K,   5% used [0x00000000d1110000, 0x00000000d12f8360, 0x00000000d3330000)
  to   space 34944K,   0% used [0x00000000d3330000, 0x00000000d3330000, 0x00000000d5550000)
 tenured generation   total 699072K, used 262794K [0x00000000d5550000, 0x0000000100000000, 0x0000000100000000)
   the space 699072K,  37% used [0x00000000d5550000, 0x00000000e55f2a48, 0x00000000e55f2c00, 0x0000000100000000)
 Metaspace       used 56914K, capacity 60049K, committed 60184K, reserved 1099776K
  class space    used 7631K, capacity 9051K, committed 9064K, reserved 1048576K
}
Event: 2460.168 GC heap before
{Heap before GC invocations=417 (full 3):
 def new generation   total 314560K, used 281568K [0x00000000c0000000, 0x00000000d5550000, 0x00000000d5550000)
  eden space 279616K, 100% used [0x00000000c0000000, 0x00000000d1110000, 0x00000000d1110000)
  from space 34944K,   5% used [0x00000000d1110000, 0x00000000d12f8360, 0x00000000d3330000)
  to   space 34944K,   0% used [0x00000000d3330000, 0x00000000d3330000, 0x00000000d5550000)
 tenured generation   total 699072K, used 262794K [0x00000000d5550000, 0x0000000100000000, 0x0000000100000000)
   the space 699072K,  37% used [0x00000000d5550000, 0x00000000e55f2a48, 0x00000000e55f2c00, 0x0000000100000000)
 Metaspace       used 56915K, capacity 60049K, committed 60184K, reserved 1099776K
  class space    used 7631K, capacity 9051K, committed 9064K, reserved 1048576K
}
Event: 2460.190 GC heap after
{Heap after GC invocations=418 (full 3):
 def new generation   total 314560K, used 1884K [0x00000000c0000000, 0x00000000d5550000, 0x00000000d5550000)
  eden space 279616K,   0% used [0x00000000c0000000, 0x00000000c0000000, 0x00000000d1110000)
  from space 34944K,   5% used [0x00000000d3330000, 0x00000000d35071c0, 0x00000000d5550000)
  to   space 34944K,   0% used [0x00000000d1110000, 0x00000000d1110000, 0x00000000d3330000)
 tenured generation   total 699072K, used 262847K [0x00000000d5550000, 0x0000000100000000, 0x0000000100000000)
   the space 699072K,  37% used [0x00000000d5550000, 0x00000000e55ffef0, 0x00000000e5600000, 0x0000000100000000)
 Metaspace       used 56915K, capacity 60049K, committed 60184K, reserved 1099776K
  class space    used 7631K, capacity 9051K, committed 9064K, reserved 1048576K
}
Event: 2465.909 GC heap before
{Heap before GC invocations=418 (full 3):
 def new generation   total 314560K, used 281500K [0x00000000c0000000, 0x00000000d5550000, 0x00000000d5550000)
  eden space 279616K, 100% used [0x00000000c0000000, 0x00000000d1110000, 0x00000000d1110000)
  from space 34944K,   5% used [0x00000000d3330000, 0x00000000d35071c0, 0x00000000d5550000)
  to   space 34944K,   0% used [0x00000000d1110000, 0x00000000d1110000, 0x00000000d3330000)
 tenured generation   total 699072K, used 262847K [0x00000000d5550000, 0x0000000100000000, 0x0000000100000000)
   the space 699072K,  37% used [0x00000000d5550000, 0x00000000e55ffef0, 0x00000000e5600000, 0x0000000100000000)
 Metaspace       used 56915K, capacity 60049K, committed 60184K, reserved 1099776K
  class space    used 7631K, capacity 9051K, committed 9064K, reserved 1048576K
}
Event: 2465.940 GC heap after
{Heap after GC invocations=419 (full 3):
 def new generation   total 314560K, used 1906K [0x00000000c0000000, 0x00000000d5550000, 0x00000000d5550000)
  eden space 279616K,   0% used [0x00000000c0000000, 0x00000000c0000000, 0x00000000d1110000)
  from space 34944K,   5% used [0x00000000d1110000, 0x00000000d12ecad0, 0x00000000d3330000)
  to   space 34944K,   0% used [0x00000000d3330000, 0x00000000d3330000, 0x00000000d5550000)
 tenured generation   total 699072K, used 262864K [0x00000000d5550000, 0x0000000100000000, 0x0000000100000000)
   the space 699072K,  37% used [0x00000000d5550000, 0x00000000e56040f0, 0x00000000e5604200, 0x0000000100000000)
 Metaspace       used 56915K, capacity 60049K, committed 60184K, reserved 1099776K
  class space    used 7631K, capacity 9051K, committed 9064K, reserved 1048576K
}
Event: 2472.104 GC heap before
{Heap before GC invocations=419 (full 3):
 def new generation   total 314560K, used 281522K [0x00000000c0000000, 0x00000000d5550000, 0x00000000d5550000)
  eden space 279616K, 100% used [0x00000000c0000000, 0x00000000d1110000, 0x00000000d1110000)
  from space 34944K,   5% used [0x00000000d1110000, 0x00000000d12ecad0, 0x00000000d3330000)
  to   space 34944K,   0% used [0x00000000d3330000, 0x00000000d3330000, 0x00000000d5550000)
 tenured generation   total 699072K, used 262864K [0x00000000d5550000, 0x0000000100000000, 0x0000000100000000)
   the space 699072K,  37% used [0x00000000d5550000, 0x00000000e56040f0, 0x00000000e5604200, 0x0000000100000000)
 Metaspace       used 56917K, capacity 60049K, committed 60184K, reserved 1099776K
  class space    used 7631K, capacity 9051K, committed 9064K, reserved 1048576K
}
Event: 2472.140 GC heap after
{Heap after GC invocations=420 (full 3):
 def new generation   total 314560K, used 2028K [0x00000000c0000000, 0x00000000d5550000, 0x00000000d5550000)
  eden space 279616K,   0% used [0x00000000c0000000, 0x00000000c0000000, 0x00000000d1110000)
  from space 34944K,   5% used [0x00000000d3330000, 0x00000000d352b0e0, 0x00000000d5550000)
  to   space 34944K,   0% used [0x00000000d1110000, 0x00000000d1110000, 0x00000000d3330000)
 tenured generation   total 699072K, used 262880K [0x00000000d5550000, 0x0000000100000000, 0x0000000100000000)
   the space 699072K,  37% used [0x00000000d5550000, 0x00000000e5608008, 0x00000000e5608200, 0x0000000100000000)
 Metaspace       used 56917K, capacity 60049K, committed 60184K, reserved 1099776K
  class space    used 7631K, capacity 9051K, committed 9064K, reserved 1048576K
}
Event: 2502.891 GC heap before
{Heap before GC invocations=420 (full 3):
 def new generation   total 314560K, used 281644K [0x00000000c0000000, 0x00000000d5550000, 0x00000000d5550000)
  eden space 279616K, 100% used [0x00000000c0000000, 0x00000000d1110000, 0x00000000d1110000)
  from space 34944K,   5% used [0x00000000d3330000, 0x00000000d352b0e0, 0x00000000d5550000)
  to   space 34944K,   0% used [0x00000000d1110000, 0x00000000d1110000, 0x00000000d3330000)
 tenured generation   total 699072K, used 262880K [0x00000000d5550000, 0x0000000100000000, 0x0000000100000000)
   the space 699072K,  37% used [0x00000000d5550000, 0x00000000e5608008, 0x00000000e5608200, 0x0000000100000000)
 Metaspace       used 56917K, capacity 60049K, committed 60184K, reserved 1099776K
  class space    used 7631K, capacity 9051K, committed 9064K, reserved 1048576K
}
Event: 2503.594 GC heap after
{Heap after GC invocations=421 (full 3):
 def new generation   total 314560K, used 2150K [0x00000000c0000000, 0x00000000d5550000, 0x00000000d5550000)
  eden space 279616K,   0% used [0x00000000c0000000, 0x00000000c0000000, 0x00000000d1110000)
  from space 34944K,   6% used [0x00000000d1110000, 0x00000000d1329958, 0x00000000d3330000)
  to   space 34944K,   0% used [0x00000000d3330000, 0x00000000d3330000, 0x00000000d5550000)
 tenured generation   total 699072K, used 262895K [0x00000000d5550000, 0x0000000100000000, 0x0000000100000000)
   the space 699072K,  37% used [0x00000000d5550000, 0x00000000e560bf78, 0x00000000e560c000, 0x0000000100000000)
 Metaspace       used 56917K, capacity 60049K, committed 60184K, reserved 1099776K
  class space    used 7631K, capacity 9051K, committed 9064K, reserved 1048576K
}

